<?xml version="1.0" encoding="UTF-8"?>
<!-- Generated by org.testng.reporters.JUnitReportReporter -->
<testsuite hostname="LAPTOP-F8RQ9UA5" failures="0" tests="3" name="myFiles.DynamicJson" time="2.995" errors="0" timestamp="2021-12-20T18:39:19 GMT" skipped="0">
  <testcase classname="myFiles.DynamicJson" name="addBook" time="0.461"/>
  <system-out/>
  <testcase classname="myFiles.DynamicJson" name="addBook" time="2.065"/>
  <system-out/>
  <testcase classname="myFiles.DynamicJson" name="addBook" time="0.469"/>
  <system-out/>
</testsuite> <!-- myFiles.DynamicJson -->
