<?xml version="1.0" encoding="UTF-8"?>
<!-- Generated by org.testng.reporters.JUnitReportReporter -->
<testsuite hostname="LAPTOP-F8RQ9UA5" failures="0" tests="1" name="refactoredFiles.SumValidation" time="0.950" errors="0" timestamp="2021-12-20T10:32:08 GMT" skipped="0">
  <testcase classname="refactoredFiles.SumValidation" name="sumOfCouses" time="0.950"/>
  <system-out/>
</testsuite> <!-- refactoredFiles.SumValidation -->
